<?xml version="1.0" encoding="UTF-8"?>
<testng-results ignored="0" total="5" passed="5" failed="0" skipped="0">
  <reporter-output>
  </reporter-output>
  <suite started-at="2025-02-18T18:23:53 IST" name="Default suite" finished-at="2025-02-18T18:24:52 IST" duration-ms="59755">
    <groups>
      <group name="cucumber">
        <method signature="AbstractTestNGCucumberTests.runScenario(io.cucumber.testng.PickleWrapper,io.cucumber.testng.FeatureWrapper)[pri:0, instance:testrunner.RunnerTests@4d154ccd]" name="runScenario" class="io.cucumber.testng.AbstractTestNGCucumberTests"/>
      </group> <!-- cucumber -->
    </groups>
    <test started-at="2025-02-18T18:23:53 IST" name="Default test" finished-at="2025-02-18T18:24:52 IST" duration-ms="59755">
      <class name="testrunner.RunnerTests">
        <test-method is-config="true" signature="setUpClass(org.testng.ITestContext)[pri:0, instance:testrunner.RunnerTests@4d154ccd]" started-at="2025-02-18T18:23:53 IST" name="setUpClass" finished-at="2025-02-18T18:23:54 IST" duration-ms="1092" status="PASS">
          <params>
            <param index="0">
              <value>
                <![CDATA[org.testng.TestRunner@1e92c3b6]]>
              </value>
            </param>
          </params>
          <reporter-output>
          </reporter-output>
        </test-method> <!-- setUpClass -->
        <test-method signature="runScenario(io.cucumber.testng.PickleWrapper,io.cucumber.testng.FeatureWrapper)[pri:0, instance:testrunner.RunnerTests@4d154ccd]" started-at="2025-02-18T18:23:54 IST" name="runScenario" description="Runs Cucumber Scenarios" data-provider="scenarios" finished-at="2025-02-18T18:23:54 IST" duration-ms="150" status="PASS">
          <params>
            <param index="0">
              <value>
                <![CDATA["display entries of config file content"]]>
              </value>
            </param>
            <param index="1">
              <value>
                <![CDATA["Display Config File Content"]]>
              </value>
            </param>
          </params>
          <reporter-output>
          </reporter-output>
        </test-method> <!-- runScenario -->
        <test-method signature="runScenario(io.cucumber.testng.PickleWrapper,io.cucumber.testng.FeatureWrapper)[pri:0, instance:testrunner.RunnerTests@4d154ccd]" started-at="2025-02-18T18:23:54 IST" name="runScenario" description="Runs Cucumber Scenarios" data-provider="scenarios" finished-at="2025-02-18T18:23:55 IST" duration-ms="1240" status="PASS">
          <params>
            <param index="0">
              <value>
                <![CDATA["Fetch data from Excel"]]>
              </value>
            </param>
            <param index="1">
              <value>
                <![CDATA["Read Excel Data"]]>
              </value>
            </param>
          </params>
          <reporter-output>
          </reporter-output>
        </test-method> <!-- runScenario -->
        <test-method signature="runScenario(io.cucumber.testng.PickleWrapper,io.cucumber.testng.FeatureWrapper)[pri:0, instance:testrunner.RunnerTests@4d154ccd]" started-at="2025-02-18T18:23:55 IST" name="runScenario" description="Runs Cucumber Scenarios" data-provider="scenarios" finished-at="2025-02-18T18:24:07 IST" duration-ms="11973" status="PASS">
          <params>
            <param index="0">
              <value>
                <![CDATA["Login with username and password and validate it"]]>
              </value>
            </param>
            <param index="1">
              <value>
                <![CDATA["Login validation"]]>
              </value>
            </param>
          </params>
          <reporter-output>
          </reporter-output>
        </test-method> <!-- runScenario -->
        <test-method signature="runScenario(io.cucumber.testng.PickleWrapper,io.cucumber.testng.FeatureWrapper)[pri:0, instance:testrunner.RunnerTests@4d154ccd]" started-at="2025-02-18T18:24:07 IST" name="runScenario" description="Runs Cucumber Scenarios" data-provider="scenarios" finished-at="2025-02-18T18:24:08 IST" duration-ms="961" status="PASS">
          <params>
            <param index="0">
              <value>
                <![CDATA["We are a taking screenshot from webpage"]]>
              </value>
            </param>
            <param index="1">
              <value>
                <![CDATA["Taking ScreenShot"]]>
              </value>
            </param>
          </params>
          <reporter-output>
          </reporter-output>
        </test-method> <!-- runScenario -->
        <test-method signature="runScenario(io.cucumber.testng.PickleWrapper,io.cucumber.testng.FeatureWrapper)[pri:0, instance:testrunner.RunnerTests@4d154ccd]" started-at="2025-02-18T18:24:08 IST" name="runScenario" description="Runs Cucumber Scenarios" data-provider="scenarios" finished-at="2025-02-18T18:24:50 IST" duration-ms="41834" status="PASS">
          <params>
            <param index="0">
              <value>
                <![CDATA["Validating urls"]]>
              </value>
            </param>
            <param index="1">
              <value>
                <![CDATA["Validate Urls"]]>
              </value>
            </param>
          </params>
          <reporter-output>
          </reporter-output>
        </test-method> <!-- runScenario -->
        <test-method is-config="true" signature="tearDownClass()[pri:0, instance:testrunner.RunnerTests@4d154ccd]" started-at="2025-02-18T18:24:50 IST" name="tearDownClass" finished-at="2025-02-18T18:24:52 IST" duration-ms="2431" status="PASS">
          <reporter-output>
          </reporter-output>
        </test-method> <!-- tearDownClass -->
      </class> <!-- testrunner.RunnerTests -->
    </test> <!-- Default test -->
  </suite> <!-- Default suite -->
</testng-results>
